<?xml version="1.0" encoding="UTF-8"?>
<testng-results skipped="0" failed="0" ignored="0" total="1" passed="1">
  <reporter-output>
  </reporter-output>
  <suite name="Default suite" duration-ms="3062" started-at="2019-11-25T17:55:21Z" finished-at="2019-11-25T17:55:24Z">
    <groups>
    </groups>
    <test name="Default test" duration-ms="3062" started-at="2019-11-25T17:55:21Z" finished-at="2019-11-25T17:55:24Z">
      <class name="Practice">
        <test-method status="PASS" signature="sample()[pri:0, instance:Practice@7dc7cbad]" name="sample" duration-ms="3033" started-at="2019-11-25T17:55:21Z" finished-at="2019-11-25T17:55:24Z">
          <reporter-output>
          </reporter-output>
        </test-method> <!-- sample -->
      </class> <!-- Practice -->
    </test> <!-- Default test -->
  </suite> <!-- Default suite -->
</testng-results>
